<?xml version="1.0" encoding="UTF-8"?>
<testsuite name="br.ufrn.imd.ASGTest" tests="2" skipped="0" failures="0" errors="0" timestamp="2023-12-07T12:47:37" hostname="fedora" time="0.129">
  <properties/>
  <testcase name="testCalcularSalario()" classname="br.ufrn.imd.ASGTest" time="0.116"/>
  <testcase name="testCalcularRescisao()" classname="br.ufrn.imd.ASGTest" time="0.004"/>
  <system-out><![CDATA[]]></system-out>
  <system-err><![CDATA[]]></system-err>
</testsuite>
