<?xml version="1.0" encoding="UTF-8"?>
<testsuite name="br.ufrn.imd.EnderecoTest" tests="2" skipped="0" failures="0" errors="0" timestamp="2023-12-07T12:47:37" hostname="fedora" time="0.086">
  <properties/>
  <testcase name="testEndereco()" classname="br.ufrn.imd.EnderecoTest" time="0.005"/>
  <testcase name="testToString()" classname="br.ufrn.imd.EnderecoTest" time="0.076"/>
  <system-out><![CDATA[]]></system-out>
  <system-err><![CDATA[]]></system-err>
</testsuite>
