<?xml version="1.0" encoding="UTF-8"?>
<testsuite name="br.ufrn.imd.FinancasTest" tests="1" skipped="0" failures="0" errors="0" timestamp="2023-12-07T12:47:37" hostname="fedora" time="0.006">
  <properties/>
  <testcase name="testFinancas()" classname="br.ufrn.imd.FinancasTest" time="0.006"/>
  <system-out><![CDATA[]]></system-out>
  <system-err><![CDATA[]]></system-err>
</testsuite>
