<?xml version="1.0" encoding="UTF-8"?>
<testsuite name="br.ufrn.imd.NegocioTest" tests="1" skipped="0" failures="0" errors="0" timestamp="2023-12-07T12:47:37" hostname="fedora" time="0.01">
  <properties/>
  <testcase name="testNegocio()" classname="br.ufrn.imd.NegocioTest" time="0.01"/>
  <system-out><![CDATA[]]></system-out>
  <system-err><![CDATA[]]></system-err>
</testsuite>
